<?xml version="1.0" encoding="UTF-8"?>
<!-- Generated by org.testng.reporters.JUnitReportReporter -->
<testsuite hostname="DESKTOP-FUG0H6V" failures="0" tests="1" name="Actitime.ActitimeTest" time="79.885" errors="0" timestamp="12 Dec 2022 07:32:31 GMT">
  <testcase classname="Actitime.ActitimeTest" name="actitime" time="79.885"/>
</testsuite> <!-- Actitime.ActitimeTest -->
