<?xml version="1.0" encoding="UTF-8"?>
<!-- Generated by org.testng.reporters.JUnitReportReporter -->
<testsuite hostname="DESKTOP-FUG0H6V" failures="0" tests="1" name="Actitime.Flipkart" time="32.975" errors="0" timestamp="4 Jan 2023 15:15:43 GMT">
  <testcase classname="Actitime.Flipkart" name="FlipkartSort" time="32.975"/>
</testsuite> <!-- Actitime.Flipkart -->
