<?xml version="1.0" encoding="UTF-8"?>
<!-- Generated by org.testng.reporters.JUnitReportReporter -->
<testsuite hostname="DESKTOP-FUG0H6V" failures="0" tests="1" name="Actitime.Actitime" time="59.646" errors="0" timestamp="10 Dec 2022 14:15:05 GMT">
  <testcase classname="Actitime.Actitime" name="actitime" time="59.646"/>
</testsuite> <!-- Actitime.Actitime -->
